<?xml version="1.0" encoding="UTF-8"?>
<testng-results ignored="0" total="4" passed="4" failed="0" skipped="0">
  <reporter-output>
  </reporter-output>
  <suite started-at="2022-01-19T17:16:50 IST" name="Suite" finished-at="2022-01-19T17:17:10 IST" duration-ms="20215">
    <groups>
      <group name="cucumber">
        <method signature="AbstractTestNGCucumberTests.runScenario(io.cucumber.testng.PickleWrapper,io.cucumber.testng.FeatureWrapper)[pri:0, instance:com.RestAssuredFramework.TestRunner.RunnerClass@7c75db8b]" name="runScenario" class="io.cucumber.testng.AbstractTestNGCucumberTests"/>
      </group> <!-- cucumber -->
    </groups>
    <test started-at="2022-01-19T17:16:50 IST" name="Rest API Testing Framework" finished-at="2022-01-19T17:17:10 IST" duration-ms="20215">
      <class name="com.RestAssuredFramework.TestRunner.RunnerClass">
        <test-method is-config="true" signature="setUpClass(org.testng.ITestContext)[pri:0, instance:com.RestAssuredFramework.TestRunner.RunnerClass@7c75db8b]" started-at="2022-01-19T17:16:51 IST" name="setUpClass" finished-at="2022-01-19T17:16:51 IST" duration-ms="492" status="PASS">
          <params>
            <param index="0">
              <value>
                <![CDATA[org.testng.TestRunner@580a5b6e]]>
              </value>
            </param>
          </params>
          <reporter-output>
          </reporter-output>
        </test-method> <!-- setUpClass -->
        <test-method signature="runScenario(io.cucumber.testng.PickleWrapper,io.cucumber.testng.FeatureWrapper)[pri:0, instance:com.RestAssuredFramework.TestRunner.RunnerClass@7c75db8b]" started-at="2022-01-19T17:16:51 IST" name="runScenario" description="Runs Cucumber Scenarios" data-provider="scenarios" finished-at="2022-01-19T17:17:02 IST" duration-ms="10547" status="PASS">
          <params>
            <param index="0">
              <value>
                <![CDATA["As a user I want handle Delete request"]]>
              </value>
            </param>
            <param index="1">
              <value>
                <![CDATA["Optional[Delete request handle]"]]>
              </value>
            </param>
          </params>
          <reporter-output>
          </reporter-output>
        </test-method> <!-- runScenario -->
        <test-method signature="runScenario(io.cucumber.testng.PickleWrapper,io.cucumber.testng.FeatureWrapper)[pri:0, instance:com.RestAssuredFramework.TestRunner.RunnerClass@7c75db8b]" started-at="2022-01-19T17:17:02 IST" name="runScenario" description="Runs Cucumber Scenarios" data-provider="scenarios" finished-at="2022-01-19T17:17:05 IST" duration-ms="2957" status="PASS">
          <params>
            <param index="0">
              <value>
                <![CDATA["As a user I want handle get request"]]>
              </value>
            </param>
            <param index="1">
              <value>
                <![CDATA["Optional[get request handle]"]]>
              </value>
            </param>
          </params>
          <reporter-output>
          </reporter-output>
        </test-method> <!-- runScenario -->
        <test-method signature="runScenario(io.cucumber.testng.PickleWrapper,io.cucumber.testng.FeatureWrapper)[pri:0, instance:com.RestAssuredFramework.TestRunner.RunnerClass@7c75db8b]" started-at="2022-01-19T17:17:05 IST" name="runScenario" description="Runs Cucumber Scenarios" data-provider="scenarios" finished-at="2022-01-19T17:17:07 IST" duration-ms="2007" status="PASS">
          <params>
            <param index="0">
              <value>
                <![CDATA["As a user I want handle Post request"]]>
              </value>
            </param>
            <param index="1">
              <value>
                <![CDATA["Optional[Post request handle]"]]>
              </value>
            </param>
          </params>
          <reporter-output>
          </reporter-output>
        </test-method> <!-- runScenario -->
        <test-method signature="runScenario(io.cucumber.testng.PickleWrapper,io.cucumber.testng.FeatureWrapper)[pri:0, instance:com.RestAssuredFramework.TestRunner.RunnerClass@7c75db8b]" started-at="2022-01-19T17:17:07 IST" name="runScenario" description="Runs Cucumber Scenarios" data-provider="scenarios" finished-at="2022-01-19T17:17:10 IST" duration-ms="2981" status="PASS">
          <params>
            <param index="0">
              <value>
                <![CDATA["As a user I want handle Put request"]]>
              </value>
            </param>
            <param index="1">
              <value>
                <![CDATA["Optional[Put request handle]"]]>
              </value>
            </param>
          </params>
          <reporter-output>
          </reporter-output>
        </test-method> <!-- runScenario -->
        <test-method is-config="true" signature="tearDownClass()[pri:0, instance:com.RestAssuredFramework.TestRunner.RunnerClass@7c75db8b]" started-at="2022-01-19T17:17:10 IST" name="tearDownClass" finished-at="2022-01-19T17:17:10 IST" duration-ms="67" status="PASS">
          <reporter-output>
          </reporter-output>
        </test-method> <!-- tearDownClass -->
      </class> <!-- com.RestAssuredFramework.TestRunner.RunnerClass -->
    </test> <!-- Rest API Testing Framework -->
  </suite> <!-- Suite -->
</testng-results>
